2023-03-20 02:34:12,693 django.utils.autoreload INFO     Watching for file changes with StatReloader
2023-03-20 02:35:52,140 django.request WARNING  Not Found: /favicon.ico
2023-03-20 02:36:02,182 django.request WARNING  Not Found: /favicon.ico
2023-03-20 02:36:07,688 django.request WARNING  Not Found: /favicon.ico
2023-03-20 02:36:17,390 django.request WARNING  Not Found: /favicon.ico
2023-03-20 02:51:23,732 django.utils.autoreload INFO     Watching for file changes with StatReloader
2023-03-20 02:51:27,543 django.request WARNING  Not Found: /favicon.ico
2023-03-20 02:51:38,061 urllib3.connectionpool DEBUG    Starting new HTTPS connection (1): api.telegram.org:443
2023-03-20 02:51:38,387 urllib3.connectionpool DEBUG    https://api.telegram.org:443 "GET /bot6037168706:AAH6VQLgzInbwi-t3F6BFIXYaWAL2A4k01Q/sendMessage?chat_id=1736649900&parse_mode=Markdown&text=%D0%97%D0%B0%D0%B4%D0%B0%D1%87%D0%B0%20%D0%B2%20%D0%BE%D0%B6%D0%B8%D0%B4%D0%B0%D0%BD%D0%B8%D0%B8%20%D0%BD%D0%B0%D0%B7%D0%BD%D0%B0%D1%87%D0%B5%D0%BD%D0%B8%D1%8F%0A%D0%A2%D0%B5%D0%BC%D0%B0%20-%20wfew%0A%D0%90%D0%B2%D1%82%D0%BE%D1%80%20-%20admin%0A%D0%98%D1%81%D0%BF%D0%BE%D0%BB%D0%BD%D0%B8%D1%82%D0%B5%D0%BB%D1%8C%20-%20%0A%D0%A1%D1%82%D0%B0%D1%82%D1%83%D1%81%20-%20%D0%B2%20%D0%BE%D0%B6%D0%B8%D0%B4%D0%B0%D0%BD%D0%B8%D0%B8%0A%D0%A1%D1%81%D1%8B%D0%BB%D0%BA%D0%B0%20-%20http://127.0.0.1:8000/task/38 HTTP/1.1" 200 852
2023-03-20 02:51:38,397 urllib3.connectionpool DEBUG    Starting new HTTPS connection (1): api.telegram.org:443
2023-03-20 02:51:38,672 urllib3.connectionpool DEBUG    https://api.telegram.org:443 "GET /bot6037168706:AAH6VQLgzInbwi-t3F6BFIXYaWAL2A4k01Q/sendMessage?chat_id=1736649900&parse_mode=Markdown&text=%D0%97%D0%B0%D0%B4%D0%B0%D1%87%D0%B0%20%D0%B2%20%D0%BE%D0%B6%D0%B8%D0%B4%D0%B0%D0%BD%D0%B8%D0%B8%20%D0%BD%D0%B0%D0%B7%D0%BD%D0%B0%D1%87%D0%B5%D0%BD%D0%B8%D1%8F%0A%D0%A2%D0%B5%D0%BC%D0%B0%20-%20wfew%0A%D0%90%D0%B2%D1%82%D0%BE%D1%80%20-%20admin%0A%D0%98%D1%81%D0%BF%D0%BE%D0%BB%D0%BD%D0%B8%D1%82%D0%B5%D0%BB%D1%8C%20-%20%0A%D0%A1%D1%82%D0%B0%D1%82%D1%83%D1%81%20-%20%D0%B2%20%D0%BE%D0%B6%D0%B8%D0%B4%D0%B0%D0%BD%D0%B8%D0%B8%0A%D0%A1%D1%81%D1%8B%D0%BB%D0%BA%D0%B0%20-%20http://127.0.0.1:8000/task/38 HTTP/1.1" 200 852
2023-03-20 02:51:39,086 django.request WARNING  Not Found: /favicon.ico
2023-03-20 02:51:52,551 urllib3.connectionpool DEBUG    Starting new HTTPS connection (1): api.telegram.org:443
2023-03-20 02:51:52,759 urllib3.connectionpool DEBUG    https://api.telegram.org:443 "GET /bot6037168706:AAH6VQLgzInbwi-t3F6BFIXYaWAL2A4k01Q/sendMessage?chat_id=1736649900&parse_mode=Markdown&text=%D0%97%D0%B0%D0%B4%D0%B0%D1%87%D0%B0%20%D0%B2%20%D1%80%D0%B0%D0%B1%D0%BE%D1%82%D0%B5%0A%D0%A2%D0%B5%D0%BC%D0%B0%20-%20wfew%0A%D0%90%D0%B2%D1%82%D0%BE%D1%80%20-%20admin%0A%D0%98%D1%81%D0%BF%D0%BE%D0%BB%D0%BD%D0%B8%D1%82%D0%B5%D0%BB%D1%8C%20-%20user_3%0A%D0%A1%D1%82%D0%B0%D1%82%D1%83%D1%81%20-%20%D0%B2%20%D1%80%D0%B0%D0%B1%D0%BE%D1%82%D0%B5%0A%D0%A1%D1%81%D1%8B%D0%BB%D0%BA%D0%B0%20-%20http://127.0.0.1:8000/task/38 HTTP/1.1" 400 136
2023-03-20 02:51:52,767 urllib3.connectionpool DEBUG    Starting new HTTPS connection (1): api.telegram.org:443
2023-03-20 02:51:53,024 urllib3.connectionpool DEBUG    https://api.telegram.org:443 "GET /bot6037168706:AAH6VQLgzInbwi-t3F6BFIXYaWAL2A4k01Q/sendMessage?chat_id=1736649900&parse_mode=Markdown&text=%D0%97%D0%B0%D0%B4%D0%B0%D1%87%D0%B0%20%D0%B2%20%D1%80%D0%B0%D0%B1%D0%BE%D1%82%D0%B5%0A%D0%A2%D0%B5%D0%BC%D0%B0%20-%20wfew%0A%D0%90%D0%B2%D1%82%D0%BE%D1%80%20-%20admin%0A%D0%98%D1%81%D0%BF%D0%BE%D0%BB%D0%BD%D0%B8%D1%82%D0%B5%D0%BB%D1%8C%20-%20user_3%0A%D0%A1%D1%82%D0%B0%D1%82%D1%83%D1%81%20-%20%D0%B2%20%D1%80%D0%B0%D0%B1%D0%BE%D1%82%D0%B5%0A%D0%A1%D1%81%D1%8B%D0%BB%D0%BA%D0%B0%20-%20http://127.0.0.1:8000/task/38 HTTP/1.1" 400 136
2023-03-20 02:52:04,469 urllib3.connectionpool DEBUG    Starting new HTTPS connection (1): api.telegram.org:443
2023-03-20 02:52:04,705 urllib3.connectionpool DEBUG    https://api.telegram.org:443 "GET /bot6037168706:AAH6VQLgzInbwi-t3F6BFIXYaWAL2A4k01Q/sendMessage?chat_id=1736649900&parse_mode=Markdown&text=%D0%97%D0%B0%D0%B4%D0%B0%D1%87%D0%B0%20%D1%80%D0%B5%D1%88%D0%B5%D0%BD%D0%B0%0A%D0%A2%D0%B5%D0%BC%D0%B0%20-%20wfew%0A%D0%90%D0%B2%D1%82%D0%BE%D1%80%20-%20admin%0A%D0%98%D1%81%D0%BF%D0%BE%D0%BB%D0%BD%D0%B8%D1%82%D0%B5%D0%BB%D1%8C%20-%20user_3%0A%D0%A1%D1%82%D0%B0%D1%82%D1%83%D1%81%20-%20%D0%A0%D0%B5%D1%88%D0%B5%D0%BD%D0%B0%0A%D0%A1%D1%81%D1%8B%D0%BB%D0%BA%D0%B0%20-%20http://127.0.0.1:8000/task/38 HTTP/1.1" 400 136
2023-03-20 02:52:04,727 urllib3.connectionpool DEBUG    Starting new HTTPS connection (1): api.telegram.org:443
2023-03-20 02:52:04,973 urllib3.connectionpool DEBUG    https://api.telegram.org:443 "GET /bot6037168706:AAH6VQLgzInbwi-t3F6BFIXYaWAL2A4k01Q/sendMessage?chat_id=1736649900&parse_mode=Markdown&text=%D0%97%D0%B0%D0%B4%D0%B0%D1%87%D0%B0%20%D1%80%D0%B5%D1%88%D0%B5%D0%BD%D0%B0%0A%D0%A2%D0%B5%D0%BC%D0%B0%20-%20wfew%0A%D0%90%D0%B2%D1%82%D0%BE%D1%80%20-%20admin%0A%D0%98%D1%81%D0%BF%D0%BE%D0%BB%D0%BD%D0%B8%D1%82%D0%B5%D0%BB%D1%8C%20-%20user_3%0A%D0%A1%D1%82%D0%B0%D1%82%D1%83%D1%81%20-%20%D0%A0%D0%B5%D1%88%D0%B5%D0%BD%D0%B0%0A%D0%A1%D1%81%D1%8B%D0%BB%D0%BA%D0%B0%20-%20http://127.0.0.1:8000/task/38 HTTP/1.1" 400 136
2023-03-20 02:52:11,174 django.request WARNING  Not Found: /favicon.ico
2023-03-20 02:53:55,877 django.utils.autoreload INFO     D:\Python\Projects\final_project_v1.00\task_manager\task_app\admin.py changed, reloading.
2023-03-20 02:53:57,074 django.utils.autoreload INFO     Watching for file changes with StatReloader
2023-03-20 02:54:23,781 django.utils.autoreload INFO     Watching for file changes with StatReloader
2023-03-20 02:55:09,891 django.utils.autoreload INFO     Watching for file changes with StatReloader
2023-03-20 02:55:49,741 django.utils.autoreload INFO     Watching for file changes with StatReloader
2023-03-20 02:57:47,543 django.utils.autoreload INFO     Watching for file changes with StatReloader
2023-03-20 02:58:21,807 django.utils.autoreload INFO     D:\Python\Projects\final_project_v1.00\task_manager\task_app\admin.py changed, reloading.
2023-03-20 02:58:23,301 django.utils.autoreload INFO     Watching for file changes with StatReloader
2023-03-20 02:59:49,826 django.utils.autoreload INFO     Watching for file changes with StatReloader
2023-03-20 03:00:39,176 django.utils.autoreload INFO     Watching for file changes with StatReloader
2023-03-20 03:01:34,713 django.utils.autoreload INFO     Watching for file changes with StatReloader
2023-03-20 03:01:55,045 django.utils.autoreload INFO     Watching for file changes with StatReloader
2023-03-20 03:04:24,401 django.utils.autoreload INFO     Watching for file changes with StatReloader
2023-03-20 03:05:09,707 django.utils.autoreload INFO     Watching for file changes with StatReloader
2023-03-20 03:05:17,760 django.request WARNING  Not Found: /favicon.ico
2023-03-20 03:05:38,799 django.request WARNING  Not Found: /favicon.ico
2023-03-20 03:14:08,735 django.utils.autoreload INFO     D:\Python\Projects\final_project_v1.00\task_manager\task_app\admin.py changed, reloading.
2023-03-20 03:14:10,136 django.utils.autoreload INFO     Watching for file changes with StatReloader
2023-03-20 03:14:49,860 django.utils.autoreload INFO     Watching for file changes with StatReloader
2023-03-20 03:20:13,427 django.utils.autoreload INFO     Watching for file changes with StatReloader
2023-03-20 03:20:37,968 django.request ERROR    Internal Server Error: /admin/task_app/tasklist/38/history/
Traceback (most recent call last):
  File "D:\Python\Projects\final_project_v1.00\task_manager\venv\Lib\site-packages\django\core\handlers\exception.py", line 56, in inner
    response = get_response(request)
               ^^^^^^^^^^^^^^^^^^^^^
  File "D:\Python\Projects\final_project_v1.00\task_manager\venv\Lib\site-packages\django\core\handlers\base.py", line 197, in _get_response
    response = wrapped_callback(request, *callback_args, **callback_kwargs)
               ^^^^^^^^^^^^^^^^^^^^^^^^^^^^^^^^^^^^^^^^^^^^^^^^^^^^^^^^^^^^
  File "D:\Python\Projects\final_project_v1.00\task_manager\venv\Lib\site-packages\django\contrib\admin\options.py", line 686, in wrapper
    return self.admin_site.admin_view(view)(*args, **kwargs)
           ^^^^^^^^^^^^^^^^^^^^^^^^^^^^^^^^^^^^^^^^^^^^^^^^^
  File "D:\Python\Projects\final_project_v1.00\task_manager\venv\Lib\site-packages\django\utils\decorators.py", line 134, in _wrapped_view
    response = view_func(request, *args, **kwargs)
               ^^^^^^^^^^^^^^^^^^^^^^^^^^^^^^^^^^^
  File "D:\Python\Projects\final_project_v1.00\task_manager\venv\Lib\site-packages\django\views\decorators\cache.py", line 62, in _wrapped_view_func
    response = view_func(request, *args, **kwargs)
               ^^^^^^^^^^^^^^^^^^^^^^^^^^^^^^^^^^^
  File "D:\Python\Projects\final_project_v1.00\task_manager\venv\Lib\site-packages\django\contrib\admin\sites.py", line 242, in inner
    return view(request, *args, **kwargs)
           ^^^^^^^^^^^^^^^^^^^^^^^^^^^^^^
  File "D:\Python\Projects\final_project_v1.00\task_manager\venv\Lib\site-packages\simple_history\admin.py", line 96, in history_view
    return self.render_history_view(
           ^^^^^^^^^^^^^^^^^^^^^^^^^
  File "D:\Python\Projects\final_project_v1.00\task_manager\venv\Lib\site-packages\simple_history\admin.py", line 222, in render_history_view
    return render(request, template, context, **kwargs)
           ^^^^^^^^^^^^^^^^^^^^^^^^^^^^^^^^^^^^^^^^^^^^
  File "D:\Python\Projects\final_project_v1.00\task_manager\venv\Lib\site-packages\django\shortcuts.py", line 24, in render
    content = loader.render_to_string(template_name, context, request, using=using)
              ^^^^^^^^^^^^^^^^^^^^^^^^^^^^^^^^^^^^^^^^^^^^^^^^^^^^^^^^^^^^^^^^^^^^^
  File "D:\Python\Projects\final_project_v1.00\task_manager\venv\Lib\site-packages\django\template\loader.py", line 61, in render_to_string
    template = get_template(template_name, using=using)
               ^^^^^^^^^^^^^^^^^^^^^^^^^^^^^^^^^^^^^^^^
  File "D:\Python\Projects\final_project_v1.00\task_manager\venv\Lib\site-packages\django\template\loader.py", line 19, in get_template
    raise TemplateDoesNotExist(template_name, chain=chain)
django.template.exceptions.TemplateDoesNotExist: simple_history/object_history.html
2023-03-20 03:21:26,100 django.request WARNING  Not Found: /favicon.ico
2023-03-20 03:21:30,393 django.request WARNING  Not Found: /favicon.ico
2023-03-20 03:21:37,626 urllib3.connectionpool DEBUG    Starting new HTTPS connection (1): api.telegram.org:443
2023-03-20 03:21:37,954 urllib3.connectionpool DEBUG    https://api.telegram.org:443 "GET /bot6037168706:AAH6VQLgzInbwi-t3F6BFIXYaWAL2A4k01Q/sendMessage?chat_id=1736649900&parse_mode=Markdown&text=%D0%97%D0%B0%D0%B4%D0%B0%D1%87%D0%B0%20%D0%B2%20%D0%BE%D0%B6%D0%B8%D0%B4%D0%B0%D0%BD%D0%B8%D0%B8%20%D0%BD%D0%B0%D0%B7%D0%BD%D0%B0%D1%87%D0%B5%D0%BD%D0%B8%D1%8F%0A%D0%A2%D0%B5%D0%BC%D0%B0%20-%20%D1%83%D1%86%D0%B0%D1%86%D1%83%0A%D0%90%D0%B2%D1%82%D0%BE%D1%80%20-%20admin%0A%D0%98%D1%81%D0%BF%D0%BE%D0%BB%D0%BD%D0%B8%D1%82%D0%B5%D0%BB%D1%8C%20-%20%0A%D0%A1%D1%82%D0%B0%D1%82%D1%83%D1%81%20-%20%D0%B2%20%D0%BE%D0%B6%D0%B8%D0%B4%D0%B0%D0%BD%D0%B8%D0%B8%0A%D0%A1%D1%81%D1%8B%D0%BB%D0%BA%D0%B0%20-%20http://127.0.0.1:8000/task/39 HTTP/1.1" 200 879
2023-03-20 03:21:37,974 urllib3.connectionpool DEBUG    Starting new HTTPS connection (1): api.telegram.org:443
2023-03-20 03:21:38,248 urllib3.connectionpool DEBUG    https://api.telegram.org:443 "GET /bot6037168706:AAH6VQLgzInbwi-t3F6BFIXYaWAL2A4k01Q/sendMessage?chat_id=1736649900&parse_mode=Markdown&text=%D0%97%D0%B0%D0%B4%D0%B0%D1%87%D0%B0%20%D0%B2%20%D0%BE%D0%B6%D0%B8%D0%B4%D0%B0%D0%BD%D0%B8%D0%B8%20%D0%BD%D0%B0%D0%B7%D0%BD%D0%B0%D1%87%D0%B5%D0%BD%D0%B8%D1%8F%0A%D0%A2%D0%B5%D0%BC%D0%B0%20-%20%D1%83%D1%86%D0%B0%D1%86%D1%83%0A%D0%90%D0%B2%D1%82%D0%BE%D1%80%20-%20admin%0A%D0%98%D1%81%D0%BF%D0%BE%D0%BB%D0%BD%D0%B8%D1%82%D0%B5%D0%BB%D1%8C%20-%20%0A%D0%A1%D1%82%D0%B0%D1%82%D1%83%D1%81%20-%20%D0%B2%20%D0%BE%D0%B6%D0%B8%D0%B4%D0%B0%D0%BD%D0%B8%D0%B8%0A%D0%A1%D1%81%D1%8B%D0%BB%D0%BA%D0%B0%20-%20http://127.0.0.1:8000/task/39 HTTP/1.1" 200 879
2023-03-20 03:21:50,584 urllib3.connectionpool DEBUG    Starting new HTTPS connection (1): api.telegram.org:443
2023-03-20 03:21:50,889 urllib3.connectionpool DEBUG    https://api.telegram.org:443 "GET /bot6037168706:AAH6VQLgzInbwi-t3F6BFIXYaWAL2A4k01Q/sendMessage?chat_id=1736649900&parse_mode=Markdown&text=%D0%97%D0%B0%D0%B4%D0%B0%D1%87%D0%B0%20%D0%B2%20%D0%BE%D0%B6%D0%B8%D0%B4%D0%B0%D0%BD%D0%B8%D0%B8%20%D0%BD%D0%B0%D0%B7%D0%BD%D0%B0%D1%87%D0%B5%D0%BD%D0%B8%D1%8F%0A%D0%A2%D0%B5%D0%BC%D0%B0%20-%20wfew%0A%D0%90%D0%B2%D1%82%D0%BE%D1%80%20-%20admin%0A%D0%98%D1%81%D0%BF%D0%BE%D0%BB%D0%BD%D0%B8%D1%82%D0%B5%D0%BB%D1%8C%20-%20%0A%D0%A1%D1%82%D0%B0%D1%82%D1%83%D1%81%20-%20%D0%B2%20%D0%BE%D0%B6%D0%B8%D0%B4%D0%B0%D0%BD%D0%B8%D0%B8%0A%D0%A1%D1%81%D1%8B%D0%BB%D0%BA%D0%B0%20-%20http://127.0.0.1:8000/task/38 HTTP/1.1" 200 852
2023-03-20 03:21:52,952 urllib3.connectionpool DEBUG    Starting new HTTPS connection (1): api.telegram.org:443
2023-03-20 03:21:53,214 urllib3.connectionpool DEBUG    https://api.telegram.org:443 "GET /bot6037168706:AAH6VQLgzInbwi-t3F6BFIXYaWAL2A4k01Q/sendMessage?chat_id=1736649900&parse_mode=Markdown&text=%D0%97%D0%B0%D0%B4%D0%B0%D1%87%D0%B0%20%D0%B2%20%D0%BE%D0%B6%D0%B8%D0%B4%D0%B0%D0%BD%D0%B8%D0%B8%20%D0%BD%D0%B0%D0%B7%D0%BD%D0%B0%D1%87%D0%B5%D0%BD%D0%B8%D1%8F%0A%D0%A2%D0%B5%D0%BC%D0%B0%20-%20wfew%0A%D0%90%D0%B2%D1%82%D0%BE%D1%80%20-%20admin%0A%D0%98%D1%81%D0%BF%D0%BE%D0%BB%D0%BD%D0%B8%D1%82%D0%B5%D0%BB%D1%8C%20-%20%0A%D0%A1%D1%82%D0%B0%D1%82%D1%83%D1%81%20-%20%D0%B2%20%D0%BE%D0%B6%D0%B8%D0%B4%D0%B0%D0%BD%D0%B8%D0%B8%0A%D0%A1%D1%81%D1%8B%D0%BB%D0%BA%D0%B0%20-%20http://127.0.0.1:8000/task/38 HTTP/1.1" 200 852
2023-03-20 03:21:55,817 django.request WARNING  Not Found: /favicon.ico
2023-03-20 03:22:05,488 urllib3.connectionpool DEBUG    Starting new HTTPS connection (1): api.telegram.org:443
2023-03-20 03:22:05,731 urllib3.connectionpool DEBUG    https://api.telegram.org:443 "GET /bot6037168706:AAH6VQLgzInbwi-t3F6BFIXYaWAL2A4k01Q/sendMessage?chat_id=1736649900&parse_mode=Markdown&text=%D0%97%D0%B0%D0%B4%D0%B0%D1%87%D0%B0%20%D0%B2%20%D1%80%D0%B0%D0%B1%D0%BE%D1%82%D0%B5%0A%D0%A2%D0%B5%D0%BC%D0%B0%20-%20%D0%97%D0%B0%D0%B4%D0%B0%D1%87%D0%B0%201%0A%D0%90%D0%B2%D1%82%D0%BE%D1%80%20-%20admin%0A%D0%98%D1%81%D0%BF%D0%BE%D0%BB%D0%BD%D0%B8%D1%82%D0%B5%D0%BB%D1%8C%20-%20user_3%0A%D0%A1%D1%82%D0%B0%D1%82%D1%83%D1%81%20-%20%D0%B2%20%D1%80%D0%B0%D0%B1%D0%BE%D1%82%D0%B5%0A%D0%A1%D1%81%D1%8B%D0%BB%D0%BA%D0%B0%20-%20http://127.0.0.1:8000/task/33 HTTP/1.1" 400 137
2023-03-20 03:22:05,747 urllib3.connectionpool DEBUG    Starting new HTTPS connection (1): api.telegram.org:443
2023-03-20 03:22:05,998 urllib3.connectionpool DEBUG    https://api.telegram.org:443 "GET /bot6037168706:AAH6VQLgzInbwi-t3F6BFIXYaWAL2A4k01Q/sendMessage?chat_id=1736649900&parse_mode=Markdown&text=%D0%97%D0%B0%D0%B4%D0%B0%D1%87%D0%B0%20%D0%B2%20%D1%80%D0%B0%D0%B1%D0%BE%D1%82%D0%B5%0A%D0%A2%D0%B5%D0%BC%D0%B0%20-%20%D0%97%D0%B0%D0%B4%D0%B0%D1%87%D0%B0%201%0A%D0%90%D0%B2%D1%82%D0%BE%D1%80%20-%20admin%0A%D0%98%D1%81%D0%BF%D0%BE%D0%BB%D0%BD%D0%B8%D1%82%D0%B5%D0%BB%D1%8C%20-%20user_3%0A%D0%A1%D1%82%D0%B0%D1%82%D1%83%D1%81%20-%20%D0%B2%20%D1%80%D0%B0%D0%B1%D0%BE%D1%82%D0%B5%0A%D0%A1%D1%81%D1%8B%D0%BB%D0%BA%D0%B0%20-%20http://127.0.0.1:8000/task/33 HTTP/1.1" 400 137
2023-03-20 03:22:18,743 django.request ERROR    Internal Server Error: /admin/task_app/tasklist/33/history/
Traceback (most recent call last):
  File "D:\Python\Projects\final_project_v1.00\task_manager\venv\Lib\site-packages\django\core\handlers\exception.py", line 56, in inner
    response = get_response(request)
               ^^^^^^^^^^^^^^^^^^^^^
  File "D:\Python\Projects\final_project_v1.00\task_manager\venv\Lib\site-packages\django\core\handlers\base.py", line 197, in _get_response
    response = wrapped_callback(request, *callback_args, **callback_kwargs)
               ^^^^^^^^^^^^^^^^^^^^^^^^^^^^^^^^^^^^^^^^^^^^^^^^^^^^^^^^^^^^
  File "D:\Python\Projects\final_project_v1.00\task_manager\venv\Lib\site-packages\django\contrib\admin\options.py", line 686, in wrapper
    return self.admin_site.admin_view(view)(*args, **kwargs)
           ^^^^^^^^^^^^^^^^^^^^^^^^^^^^^^^^^^^^^^^^^^^^^^^^^
  File "D:\Python\Projects\final_project_v1.00\task_manager\venv\Lib\site-packages\django\utils\decorators.py", line 134, in _wrapped_view
    response = view_func(request, *args, **kwargs)
               ^^^^^^^^^^^^^^^^^^^^^^^^^^^^^^^^^^^
  File "D:\Python\Projects\final_project_v1.00\task_manager\venv\Lib\site-packages\django\views\decorators\cache.py", line 62, in _wrapped_view_func
    response = view_func(request, *args, **kwargs)
               ^^^^^^^^^^^^^^^^^^^^^^^^^^^^^^^^^^^
  File "D:\Python\Projects\final_project_v1.00\task_manager\venv\Lib\site-packages\django\contrib\admin\sites.py", line 242, in inner
    return view(request, *args, **kwargs)
           ^^^^^^^^^^^^^^^^^^^^^^^^^^^^^^
  File "D:\Python\Projects\final_project_v1.00\task_manager\venv\Lib\site-packages\simple_history\admin.py", line 96, in history_view
    return self.render_history_view(
           ^^^^^^^^^^^^^^^^^^^^^^^^^
  File "D:\Python\Projects\final_project_v1.00\task_manager\venv\Lib\site-packages\simple_history\admin.py", line 222, in render_history_view
    return render(request, template, context, **kwargs)
           ^^^^^^^^^^^^^^^^^^^^^^^^^^^^^^^^^^^^^^^^^^^^
  File "D:\Python\Projects\final_project_v1.00\task_manager\venv\Lib\site-packages\django\shortcuts.py", line 24, in render
    content = loader.render_to_string(template_name, context, request, using=using)
              ^^^^^^^^^^^^^^^^^^^^^^^^^^^^^^^^^^^^^^^^^^^^^^^^^^^^^^^^^^^^^^^^^^^^^
  File "D:\Python\Projects\final_project_v1.00\task_manager\venv\Lib\site-packages\django\template\loader.py", line 61, in render_to_string
    template = get_template(template_name, using=using)
               ^^^^^^^^^^^^^^^^^^^^^^^^^^^^^^^^^^^^^^^^
  File "D:\Python\Projects\final_project_v1.00\task_manager\venv\Lib\site-packages\django\template\loader.py", line 19, in get_template
    raise TemplateDoesNotExist(template_name, chain=chain)
django.template.exceptions.TemplateDoesNotExist: simple_history/object_history.html
2023-03-20 03:25:22,139 django.utils.autoreload INFO     Watching for file changes with StatReloader
2023-03-20 03:25:26,961 django.request WARNING  Not Found: /favicon.ico
2023-03-20 03:26:03,882 urllib3.connectionpool DEBUG    Starting new HTTPS connection (1): api.telegram.org:443
2023-03-20 03:26:04,181 urllib3.connectionpool DEBUG    https://api.telegram.org:443 "GET /bot6037168706:AAH6VQLgzInbwi-t3F6BFIXYaWAL2A4k01Q/sendMessage?chat_id=1736649900&parse_mode=Markdown&text=%D0%97%D0%B0%D0%B4%D0%B0%D1%87%D0%B0%20%D0%B2%20%D0%BE%D0%B6%D0%B8%D0%B4%D0%B0%D0%BD%D0%B8%D0%B8%20%D0%BD%D0%B0%D0%B7%D0%BD%D0%B0%D1%87%D0%B5%D0%BD%D0%B8%D1%8F%0A%D0%A2%D0%B5%D0%BC%D0%B0%20-%20%D0%97%D0%B0%D0%B4%D0%B0%D1%87%D0%B0%201%0A%D0%90%D0%B2%D1%82%D0%BE%D1%80%20-%20admin%0A%D0%98%D1%81%D0%BF%D0%BE%D0%BB%D0%BD%D0%B8%D1%82%D0%B5%D0%BB%D1%8C%20-%20%0A%D0%A1%D1%82%D0%B0%D1%82%D1%83%D1%81%20-%20%D0%B2%20%D0%BE%D0%B6%D0%B8%D0%B4%D0%B0%D0%BD%D0%B8%D0%B8%0A%D0%A1%D1%81%D1%8B%D0%BB%D0%BA%D0%B0%20-%20http://127.0.0.1:8000/task/40 HTTP/1.1" 200 887
2023-03-20 03:26:04,198 urllib3.connectionpool DEBUG    Starting new HTTPS connection (1): api.telegram.org:443
2023-03-20 03:26:04,468 urllib3.connectionpool DEBUG    https://api.telegram.org:443 "GET /bot6037168706:AAH6VQLgzInbwi-t3F6BFIXYaWAL2A4k01Q/sendMessage?chat_id=1736649900&parse_mode=Markdown&text=%D0%97%D0%B0%D0%B4%D0%B0%D1%87%D0%B0%20%D0%B2%20%D0%BE%D0%B6%D0%B8%D0%B4%D0%B0%D0%BD%D0%B8%D0%B8%20%D0%BD%D0%B0%D0%B7%D0%BD%D0%B0%D1%87%D0%B5%D0%BD%D0%B8%D1%8F%0A%D0%A2%D0%B5%D0%BC%D0%B0%20-%20%D0%97%D0%B0%D0%B4%D0%B0%D1%87%D0%B0%201%0A%D0%90%D0%B2%D1%82%D0%BE%D1%80%20-%20admin%0A%D0%98%D1%81%D0%BF%D0%BE%D0%BB%D0%BD%D0%B8%D1%82%D0%B5%D0%BB%D1%8C%20-%20%0A%D0%A1%D1%82%D0%B0%D1%82%D1%83%D1%81%20-%20%D0%B2%20%D0%BE%D0%B6%D0%B8%D0%B4%D0%B0%D0%BD%D0%B8%D0%B8%0A%D0%A1%D1%81%D1%8B%D0%BB%D0%BA%D0%B0%20-%20http://127.0.0.1:8000/task/40 HTTP/1.1" 200 887
2023-03-20 03:26:14,727 urllib3.connectionpool DEBUG    Starting new HTTPS connection (1): api.telegram.org:443
2023-03-20 03:26:14,981 urllib3.connectionpool DEBUG    https://api.telegram.org:443 "GET /bot6037168706:AAH6VQLgzInbwi-t3F6BFIXYaWAL2A4k01Q/sendMessage?chat_id=1736649900&parse_mode=Markdown&text=%D0%97%D0%B0%D0%B4%D0%B0%D1%87%D0%B0%20%D0%B2%20%D1%80%D0%B0%D0%B1%D0%BE%D1%82%D0%B5%0A%D0%A2%D0%B5%D0%BC%D0%B0%20-%20%D0%97%D0%B0%D0%B4%D0%B0%D1%87%D0%B0%201%0A%D0%90%D0%B2%D1%82%D0%BE%D1%80%20-%20admin%0A%D0%98%D1%81%D0%BF%D0%BE%D0%BB%D0%BD%D0%B8%D1%82%D0%B5%D0%BB%D1%8C%20-%20user_4%0A%D0%A1%D1%82%D0%B0%D1%82%D1%83%D1%81%20-%20%D0%B2%20%D1%80%D0%B0%D0%B1%D0%BE%D1%82%D0%B5%0A%D0%A1%D1%81%D1%8B%D0%BB%D0%BA%D0%B0%20-%20http://127.0.0.1:8000/task/40 HTTP/1.1" 400 137
2023-03-20 03:26:14,989 urllib3.connectionpool DEBUG    Starting new HTTPS connection (1): api.telegram.org:443
2023-03-20 03:26:15,228 urllib3.connectionpool DEBUG    https://api.telegram.org:443 "GET /bot6037168706:AAH6VQLgzInbwi-t3F6BFIXYaWAL2A4k01Q/sendMessage?chat_id=1736649900&parse_mode=Markdown&text=%D0%97%D0%B0%D0%B4%D0%B0%D1%87%D0%B0%20%D0%B2%20%D1%80%D0%B0%D0%B1%D0%BE%D1%82%D0%B5%0A%D0%A2%D0%B5%D0%BC%D0%B0%20-%20%D0%97%D0%B0%D0%B4%D0%B0%D1%87%D0%B0%201%0A%D0%90%D0%B2%D1%82%D0%BE%D1%80%20-%20admin%0A%D0%98%D1%81%D0%BF%D0%BE%D0%BB%D0%BD%D0%B8%D1%82%D0%B5%D0%BB%D1%8C%20-%20user_4%0A%D0%A1%D1%82%D0%B0%D1%82%D1%83%D1%81%20-%20%D0%B2%20%D1%80%D0%B0%D0%B1%D0%BE%D1%82%D0%B5%0A%D0%A1%D1%81%D1%8B%D0%BB%D0%BA%D0%B0%20-%20http://127.0.0.1:8000/task/40 HTTP/1.1" 400 137
2023-03-20 03:29:08,072 urllib3.connectionpool DEBUG    Starting new HTTPS connection (1): api.telegram.org:443
2023-03-20 03:29:08,314 urllib3.connectionpool DEBUG    https://api.telegram.org:443 "GET /bot6037168706:AAH6VQLgzInbwi-t3F6BFIXYaWAL2A4k01Q/sendMessage?chat_id=1736649900&parse_mode=Markdown&text=%D0%97%D0%B0%D0%B4%D0%B0%D1%87%D0%B0%20%D0%B2%20%D1%80%D0%B0%D0%B1%D0%BE%D1%82%D0%B5%0A%D0%A2%D0%B5%D0%BC%D0%B0%20-%20%D0%97%D0%B0%D0%B4%D0%B0%D1%87%D0%B0%201%0A%D0%90%D0%B2%D1%82%D0%BE%D1%80%20-%20admin%0A%D0%98%D1%81%D0%BF%D0%BE%D0%BB%D0%BD%D0%B8%D1%82%D0%B5%D0%BB%D1%8C%20-%20user_4%0A%D0%A1%D1%82%D0%B0%D1%82%D1%83%D1%81%20-%20%D0%B2%20%D1%80%D0%B0%D0%B1%D0%BE%D1%82%D0%B5%0A%D0%A1%D1%81%D1%8B%D0%BB%D0%BA%D0%B0%20-%20http://127.0.0.1:8000/task/40 HTTP/1.1" 400 137
2023-03-20 03:29:08,329 urllib3.connectionpool DEBUG    Starting new HTTPS connection (1): api.telegram.org:443
2023-03-20 03:29:08,609 urllib3.connectionpool DEBUG    https://api.telegram.org:443 "GET /bot6037168706:AAH6VQLgzInbwi-t3F6BFIXYaWAL2A4k01Q/sendMessage?chat_id=1736649900&parse_mode=Markdown&text=%D0%97%D0%B0%D0%B4%D0%B0%D1%87%D0%B0%20%D0%B2%20%D1%80%D0%B0%D0%B1%D0%BE%D1%82%D0%B5%0A%D0%A2%D0%B5%D0%BC%D0%B0%20-%20%D0%97%D0%B0%D0%B4%D0%B0%D1%87%D0%B0%201%0A%D0%90%D0%B2%D1%82%D0%BE%D1%80%20-%20admin%0A%D0%98%D1%81%D0%BF%D0%BE%D0%BB%D0%BD%D0%B8%D1%82%D0%B5%D0%BB%D1%8C%20-%20user_4%0A%D0%A1%D1%82%D0%B0%D1%82%D1%83%D1%81%20-%20%D0%B2%20%D1%80%D0%B0%D0%B1%D0%BE%D1%82%D0%B5%0A%D0%A1%D1%81%D1%8B%D0%BB%D0%BA%D0%B0%20-%20http://127.0.0.1:8000/task/40 HTTP/1.1" 400 137
2023-03-20 04:15:21,532 django.utils.autoreload INFO     Watching for file changes with StatReloader
2023-03-20 04:53:32,197 django.utils.autoreload INFO     Watching for file changes with StatReloader
2023-03-20 04:54:32,185 django.request ERROR    Internal Server Error: /api/projects/count
Traceback (most recent call last):
  File "D:\Python\Projects\final_project_v1.00\task_manager\venv\Lib\site-packages\django\core\handlers\exception.py", line 56, in inner
    response = get_response(request)
               ^^^^^^^^^^^^^^^^^^^^^
  File "D:\Python\Projects\final_project_v1.00\task_manager\venv\Lib\site-packages\django\utils\deprecation.py", line 135, in __call__
    response = self.process_request(request)
               ^^^^^^^^^^^^^^^^^^^^^^^^^^^^^
  File "D:\Python\Projects\final_project_v1.00\task_manager\venv\Lib\site-packages\django\middleware\common.py", line 54, in process_request
    path = self.get_full_path_with_slash(request)
           ^^^^^^^^^^^^^^^^^^^^^^^^^^^^^^^^^^^^^^
  File "D:\Python\Projects\final_project_v1.00\task_manager\venv\Lib\site-packages\django\middleware\common.py", line 88, in get_full_path_with_slash
    raise RuntimeError(
RuntimeError: You called this URL via POST, but the URL doesn't end in a slash and you have APPEND_SLASH set. Django can't redirect to the slash URL while maintaining POST data. Change your form to point to 127.0.0.1:8000/api/projects/count/ (note the trailing slash), or set APPEND_SLASH=False in your Django settings.
2023-03-20 04:54:44,480 django.request WARNING  Method Not Allowed: /api/projects/count/
2023-03-20 04:55:11,642 django.request WARNING  Not Found: /api/projects/count/
2023-03-20 04:55:17,417 django.request WARNING  Not Found: /api/projects/count/
2023-03-20 04:57:43,371 django.utils.autoreload INFO     D:\Python\Projects\final_project_v1.00\task_manager\task_app\views.py changed, reloading.
2023-03-20 04:57:51,093 django.utils.autoreload INFO     Watching for file changes with StatReloader
2023-03-20 04:58:49,695 django.utils.autoreload INFO     D:\Python\Projects\final_project_v1.00\task_manager\task_app\views.py changed, reloading.
2023-03-20 04:58:51,792 django.utils.autoreload INFO     Watching for file changes with StatReloader
2023-03-20 05:02:28,325 django.request WARNING  Not Found: /api/projects/count/
2023-03-20 05:02:32,756 django.request WARNING  Not Found: /api/projects/count/
2023-03-20 05:03:57,940 django.request WARNING  Not Found: /api/sprints/count/
2023-03-20 05:04:07,493 django.request WARNING  Not Found: /api/sprints/count/
2023-03-20 05:04:46,881 django.request WARNING  Not Found: /api/projects/actions/count
2023-03-20 05:05:47,509 django.utils.autoreload INFO     D:\Python\Projects\final_project_v1.00\task_manager\task_app\views.py changed, reloading.
2023-03-20 05:05:49,010 django.utils.autoreload INFO     Watching for file changes with StatReloader
2023-03-20 05:10:00,889 django.request WARNING  Not Found: /apiprojects
2023-03-20 05:10:49,868 django.request WARNING  Not Found: /apiprojects/actions/count/
2023-03-20 05:12:00,413 django.utils.autoreload INFO     D:\Python\Projects\final_project_v1.00\task_manager\task_app\views.py changed, reloading.
2023-03-20 05:12:01,404 django.utils.autoreload INFO     Watching for file changes with StatReloader
2023-03-20 05:12:06,843 django.request WARNING  Not Found: /apiprojects/actions/count/
2023-03-20 05:13:13,708 django.request WARNING  Not Found: /apiprojects/actions/count/
2023-03-20 05:14:38,351 django.request WARNING  Not Found: /apiprojects/actions/count/
2023-03-20 05:15:04,099 django.request WARNING  Not Found: /apiprojects/actions/count/
2023-03-20 05:15:32,650 django.request WARNING  Not Found: /apiprojects/actions/count/
2023-03-20 05:22:59,040 django.request WARNING  Not Found: /apiprojects/actions/count/
2023-03-20 07:00:35,916 django.utils.autoreload INFO     Watching for file changes with StatReloader
2023-03-20 07:02:18,346 django.utils.autoreload INFO     Watching for file changes with StatReloader
2023-03-20 07:03:10,414 django.utils.autoreload INFO     Watching for file changes with StatReloader
2023-03-20 08:49:47,141 django.utils.autoreload INFO     Watching for file changes with StatReloader
2023-03-20 08:50:09,203 django.request WARNING  Not Found: /favicon.ico
2023-03-20 08:51:22,262 urllib3.connectionpool DEBUG    Starting new HTTPS connection (1): api.telegram.org:443
2023-03-20 08:51:23,954 urllib3.connectionpool DEBUG    https://api.telegram.org:443 "GET /bot6037168706:AAH6VQLgzInbwi-t3F6BFIXYaWAL2A4k01Q/sendMessage?chat_id=1736649900&parse_mode=Markdown&text=%D0%97%D0%B0%D0%B4%D0%B0%D1%87%D0%B0%20%D0%B2%20%D0%BE%D0%B6%D0%B8%D0%B4%D0%B0%D0%BD%D0%B8%D0%B8%20%D0%BD%D0%B0%D0%B7%D0%BD%D0%B0%D1%87%D0%B5%D0%BD%D0%B8%D1%8F%0A%D0%A2%D0%B5%D0%BC%D0%B0%20-%20%D0%B034%D0%B0%0A%D0%90%D0%B2%D1%82%D0%BE%D1%80%20-%20admin%0A%D0%98%D1%81%D0%BF%D0%BE%D0%BB%D0%BD%D0%B8%D1%82%D0%B5%D0%BB%D1%8C%20-%20%0A%D0%A1%D1%82%D0%B0%D1%82%D1%83%D1%81%20-%20%D0%B2%20%D0%BE%D0%B6%D0%B8%D0%B4%D0%B0%D0%BD%D0%B8%D0%B8%0A%D0%A1%D1%81%D1%8B%D0%BB%D0%BA%D0%B0%20-%20http://127.0.0.1:8000/task/41 HTTP/1.1" 200 862
2023-03-20 08:51:24,002 urllib3.connectionpool DEBUG    Starting new HTTPS connection (1): api.telegram.org:443
2023-03-20 08:51:24,348 urllib3.connectionpool DEBUG    https://api.telegram.org:443 "GET /bot6037168706:AAH6VQLgzInbwi-t3F6BFIXYaWAL2A4k01Q/sendMessage?chat_id=1736649900&parse_mode=Markdown&text=%D0%97%D0%B0%D0%B4%D0%B0%D1%87%D0%B0%20%D0%B2%20%D0%BE%D0%B6%D0%B8%D0%B4%D0%B0%D0%BD%D0%B8%D0%B8%20%D0%BD%D0%B0%D0%B7%D0%BD%D0%B0%D1%87%D0%B5%D0%BD%D0%B8%D1%8F%0A%D0%A2%D0%B5%D0%BC%D0%B0%20-%20%D0%B034%D0%B0%0A%D0%90%D0%B2%D1%82%D0%BE%D1%80%20-%20admin%0A%D0%98%D1%81%D0%BF%D0%BE%D0%BB%D0%BD%D0%B8%D1%82%D0%B5%D0%BB%D1%8C%20-%20%0A%D0%A1%D1%82%D0%B0%D1%82%D1%83%D1%81%20-%20%D0%B2%20%D0%BE%D0%B6%D0%B8%D0%B4%D0%B0%D0%BD%D0%B8%D0%B8%0A%D0%A1%D1%81%D1%8B%D0%BB%D0%BA%D0%B0%20-%20http://127.0.0.1:8000/task/41 HTTP/1.1" 200 862
2023-03-20 08:51:39,108 urllib3.connectionpool DEBUG    Starting new HTTPS connection (1): api.telegram.org:443
2023-03-20 08:51:39,351 urllib3.connectionpool DEBUG    https://api.telegram.org:443 "GET /bot6037168706:AAH6VQLgzInbwi-t3F6BFIXYaWAL2A4k01Q/sendMessage?chat_id=1736649900&parse_mode=Markdown&text=%D0%97%D0%B0%D0%B4%D0%B0%D1%87%D0%B0%20%D0%B2%20%D1%80%D0%B0%D0%B1%D0%BE%D1%82%D0%B5%0A%D0%A2%D0%B5%D0%BC%D0%B0%20-%20%D0%B034%D0%B0%0A%D0%90%D0%B2%D1%82%D0%BE%D1%80%20-%20admin%0A%D0%98%D1%81%D0%BF%D0%BE%D0%BB%D0%BD%D0%B8%D1%82%D0%B5%D0%BB%D1%8C%20-%20user_5%0A%D0%A1%D1%82%D0%B0%D1%82%D1%83%D1%81%20-%20%D0%B2%20%D1%80%D0%B0%D0%B1%D0%BE%D1%82%D0%B5%0A%D0%A1%D1%81%D1%8B%D0%BB%D0%BA%D0%B0%20-%20http://127.0.0.1:8000/task/41 HTTP/1.1" 400 136
2023-03-20 08:51:39,388 urllib3.connectionpool DEBUG    Starting new HTTPS connection (1): api.telegram.org:443
2023-03-20 08:51:39,657 urllib3.connectionpool DEBUG    https://api.telegram.org:443 "GET /bot6037168706:AAH6VQLgzInbwi-t3F6BFIXYaWAL2A4k01Q/sendMessage?chat_id=1736649900&parse_mode=Markdown&text=%D0%97%D0%B0%D0%B4%D0%B0%D1%87%D0%B0%20%D0%B2%20%D1%80%D0%B0%D0%B1%D0%BE%D1%82%D0%B5%0A%D0%A2%D0%B5%D0%BC%D0%B0%20-%20%D0%B034%D0%B0%0A%D0%90%D0%B2%D1%82%D0%BE%D1%80%20-%20admin%0A%D0%98%D1%81%D0%BF%D0%BE%D0%BB%D0%BD%D0%B8%D1%82%D0%B5%D0%BB%D1%8C%20-%20user_5%0A%D0%A1%D1%82%D0%B0%D1%82%D1%83%D1%81%20-%20%D0%B2%20%D1%80%D0%B0%D0%B1%D0%BE%D1%82%D0%B5%0A%D0%A1%D1%81%D1%8B%D0%BB%D0%BA%D0%B0%20-%20http://127.0.0.1:8000/task/41 HTTP/1.1" 400 136
2023-03-20 08:51:51,057 urllib3.connectionpool DEBUG    Starting new HTTPS connection (1): api.telegram.org:443
2023-03-20 08:51:51,269 urllib3.connectionpool DEBUG    https://api.telegram.org:443 "GET /bot6037168706:AAH6VQLgzInbwi-t3F6BFIXYaWAL2A4k01Q/sendMessage?chat_id=1736649900&parse_mode=Markdown&text=%D0%97%D0%B0%D0%B4%D0%B0%D1%87%D0%B0%20%D1%80%D0%B5%D1%88%D0%B5%D0%BD%D0%B0%0A%D0%A2%D0%B5%D0%BC%D0%B0%20-%20%D0%B034%D0%B0%0A%D0%90%D0%B2%D1%82%D0%BE%D1%80%20-%20admin%0A%D0%98%D1%81%D0%BF%D0%BE%D0%BB%D0%BD%D0%B8%D1%82%D0%B5%D0%BB%D1%8C%20-%20user_5%0A%D0%A1%D1%82%D0%B0%D1%82%D1%83%D1%81%20-%20%D0%A0%D0%B5%D1%88%D0%B5%D0%BD%D0%B0%0A%D0%A1%D1%81%D1%8B%D0%BB%D0%BA%D0%B0%20-%20http://127.0.0.1:8000/task/41 HTTP/1.1" 400 136
2023-03-20 08:51:51,277 urllib3.connectionpool DEBUG    Starting new HTTPS connection (1): api.telegram.org:443
2023-03-20 08:51:51,540 urllib3.connectionpool DEBUG    https://api.telegram.org:443 "GET /bot6037168706:AAH6VQLgzInbwi-t3F6BFIXYaWAL2A4k01Q/sendMessage?chat_id=1736649900&parse_mode=Markdown&text=%D0%97%D0%B0%D0%B4%D0%B0%D1%87%D0%B0%20%D1%80%D0%B5%D1%88%D0%B5%D0%BD%D0%B0%0A%D0%A2%D0%B5%D0%BC%D0%B0%20-%20%D0%B034%D0%B0%0A%D0%90%D0%B2%D1%82%D0%BE%D1%80%20-%20admin%0A%D0%98%D1%81%D0%BF%D0%BE%D0%BB%D0%BD%D0%B8%D1%82%D0%B5%D0%BB%D1%8C%20-%20user_5%0A%D0%A1%D1%82%D0%B0%D1%82%D1%83%D1%81%20-%20%D0%A0%D0%B5%D1%88%D0%B5%D0%BD%D0%B0%0A%D0%A1%D1%81%D1%8B%D0%BB%D0%BA%D0%B0%20-%20http://127.0.0.1:8000/task/41 HTTP/1.1" 400 136
2023-03-20 08:56:37,885 urllib3.connectionpool DEBUG    Starting new HTTPS connection (1): api.telegram.org:443
2023-03-20 08:56:38,150 urllib3.connectionpool DEBUG    https://api.telegram.org:443 "GET /bot6037168706:AAH6VQLgzInbwi-t3F6BFIXYaWAL2A4k01Q/sendMessage?chat_id=1736649900&parse_mode=Markdown&text=%D0%97%D0%B0%D0%B4%D0%B0%D1%87%D0%B0%20%D0%B2%20%D0%BE%D0%B6%D0%B8%D0%B4%D0%B0%D0%BD%D0%B8%D0%B8%20%D0%BD%D0%B0%D0%B7%D0%BD%D0%B0%D1%87%D0%B5%D0%BD%D0%B8%D1%8F%0A%D0%A2%D0%B5%D0%BC%D0%B0%20-%20%D0%B5%D0%BA%D0%BE%D1%80%D1%83%D0%BD%D0%BE%0A%D0%90%D0%B2%D1%82%D0%BE%D1%80%20-%20author_project_%D0%BA%D0%BA%0A%D0%98%D1%81%D0%BF%D0%BE%D0%BB%D0%BD%D0%B8%D1%82%D0%B5%D0%BB%D1%8C%20-%20%0A%D0%A1%D1%82%D0%B0%D1%82%D1%83%D1%81%20-%20%D0%B2%20%D0%BE%D0%B6%D0%B8%D0%B4%D0%B0%D0%BD%D0%B8%D0%B8%0A%D0%A1%D1%81%D1%8B%D0%BB%D0%BA%D0%B0%20-%20http://127.0.0.1:8000/task/42 HTTP/1.1" 200 952
2023-03-20 08:56:38,252 urllib3.connectionpool DEBUG    Starting new HTTPS connection (1): api.telegram.org:443
2023-03-20 08:56:38,519 urllib3.connectionpool DEBUG    https://api.telegram.org:443 "GET /bot6037168706:AAH6VQLgzInbwi-t3F6BFIXYaWAL2A4k01Q/sendMessage?chat_id=1736649900&parse_mode=Markdown&text=%D0%97%D0%B0%D0%B4%D0%B0%D1%87%D0%B0%20%D0%B2%20%D0%BE%D0%B6%D0%B8%D0%B4%D0%B0%D0%BD%D0%B8%D0%B8%20%D0%BD%D0%B0%D0%B7%D0%BD%D0%B0%D1%87%D0%B5%D0%BD%D0%B8%D1%8F%0A%D0%A2%D0%B5%D0%BC%D0%B0%20-%20%D0%B5%D0%BA%D0%BE%D1%80%D1%83%D0%BD%D0%BE%0A%D0%90%D0%B2%D1%82%D0%BE%D1%80%20-%20author_project_%D0%BA%D0%BA%0A%D0%98%D1%81%D0%BF%D0%BE%D0%BB%D0%BD%D0%B8%D1%82%D0%B5%D0%BB%D1%8C%20-%20%0A%D0%A1%D1%82%D0%B0%D1%82%D1%83%D1%81%20-%20%D0%B2%20%D0%BE%D0%B6%D0%B8%D0%B4%D0%B0%D0%BD%D0%B8%D0%B8%0A%D0%A1%D1%81%D1%8B%D0%BB%D0%BA%D0%B0%20-%20http://127.0.0.1:8000/task/42 HTTP/1.1" 200 952
2023-03-20 08:56:51,755 urllib3.connectionpool DEBUG    Starting new HTTPS connection (1): api.telegram.org:443
2023-03-20 08:56:52,005 urllib3.connectionpool DEBUG    https://api.telegram.org:443 "GET /bot6037168706:AAH6VQLgzInbwi-t3F6BFIXYaWAL2A4k01Q/sendMessage?chat_id=1736649900&parse_mode=Markdown&text=%D0%97%D0%B0%D0%B4%D0%B0%D1%87%D0%B0%20%D0%B2%20%D1%80%D0%B0%D0%B1%D0%BE%D1%82%D0%B5%0A%D0%A2%D0%B5%D0%BC%D0%B0%20-%20%D0%B5%D0%BA%D0%BE%D1%80%D1%83%D0%BD%D0%BE%0A%D0%90%D0%B2%D1%82%D0%BE%D1%80%20-%20author_project_%D0%BA%D0%BA%0A%D0%98%D1%81%D0%BF%D0%BE%D0%BB%D0%BD%D0%B8%D1%82%D0%B5%D0%BB%D1%8C%20-%20user_2%0A%D0%A1%D1%82%D0%B0%D1%82%D1%83%D1%81%20-%20%D0%B2%20%D1%80%D0%B0%D0%B1%D0%BE%D1%82%D0%B5%0A%D0%A1%D1%81%D1%8B%D0%BB%D0%BA%D0%B0%20-%20http://127.0.0.1:8000/task/42 HTTP/1.1" 400 137
2023-03-20 08:56:52,020 urllib3.connectionpool DEBUG    Starting new HTTPS connection (1): api.telegram.org:443
2023-03-20 08:56:52,246 urllib3.connectionpool DEBUG    https://api.telegram.org:443 "GET /bot6037168706:AAH6VQLgzInbwi-t3F6BFIXYaWAL2A4k01Q/sendMessage?chat_id=1736649900&parse_mode=Markdown&text=%D0%97%D0%B0%D0%B4%D0%B0%D1%87%D0%B0%20%D0%B2%20%D1%80%D0%B0%D0%B1%D0%BE%D1%82%D0%B5%0A%D0%A2%D0%B5%D0%BC%D0%B0%20-%20%D0%B5%D0%BA%D0%BE%D1%80%D1%83%D0%BD%D0%BE%0A%D0%90%D0%B2%D1%82%D0%BE%D1%80%20-%20author_project_%D0%BA%D0%BA%0A%D0%98%D1%81%D0%BF%D0%BE%D0%BB%D0%BD%D0%B8%D1%82%D0%B5%D0%BB%D1%8C%20-%20user_2%0A%D0%A1%D1%82%D0%B0%D1%82%D1%83%D1%81%20-%20%D0%B2%20%D1%80%D0%B0%D0%B1%D0%BE%D1%82%D0%B5%0A%D0%A1%D1%81%D1%8B%D0%BB%D0%BA%D0%B0%20-%20http://127.0.0.1:8000/task/42 HTTP/1.1" 400 137
2023-03-20 08:59:59,261 urllib3.connectionpool DEBUG    Starting new HTTPS connection (1): api.telegram.org:443
2023-03-20 08:59:59,744 urllib3.connectionpool DEBUG    https://api.telegram.org:443 "GET /bot6037168706:AAH6VQLgzInbwi-t3F6BFIXYaWAL2A4k01Q/sendMessage?chat_id=1736649900&parse_mode=Markdown&text=%D0%97%D0%B0%D0%B4%D0%B0%D1%87%D0%B0%20%D1%80%D0%B5%D1%88%D0%B5%D0%BD%D0%B0%0A%D0%A2%D0%B5%D0%BC%D0%B0%20-%20%D0%B5%D0%BA%D0%BE%D1%80%D1%83%D0%BD%D0%BE%0A%D0%90%D0%B2%D1%82%D0%BE%D1%80%20-%20author_project_%D0%BA%D0%BA%0A%D0%98%D1%81%D0%BF%D0%BE%D0%BB%D0%BD%D0%B8%D1%82%D0%B5%D0%BB%D1%8C%20-%20user_2%0A%D0%A1%D1%82%D0%B0%D1%82%D1%83%D1%81%20-%20%D0%A0%D0%B5%D1%88%D0%B5%D0%BD%D0%B0%0A%D0%A1%D1%81%D1%8B%D0%BB%D0%BA%D0%B0%20-%20http://127.0.0.1:8000/task/42 HTTP/1.1" 400 137
2023-03-20 08:59:59,761 urllib3.connectionpool DEBUG    Starting new HTTPS connection (1): api.telegram.org:443
2023-03-20 08:59:59,992 urllib3.connectionpool DEBUG    https://api.telegram.org:443 "GET /bot6037168706:AAH6VQLgzInbwi-t3F6BFIXYaWAL2A4k01Q/sendMessage?chat_id=1736649900&parse_mode=Markdown&text=%D0%97%D0%B0%D0%B4%D0%B0%D1%87%D0%B0%20%D1%80%D0%B5%D1%88%D0%B5%D0%BD%D0%B0%0A%D0%A2%D0%B5%D0%BC%D0%B0%20-%20%D0%B5%D0%BA%D0%BE%D1%80%D1%83%D0%BD%D0%BE%0A%D0%90%D0%B2%D1%82%D0%BE%D1%80%20-%20author_project_%D0%BA%D0%BA%0A%D0%98%D1%81%D0%BF%D0%BE%D0%BB%D0%BD%D0%B8%D1%82%D0%B5%D0%BB%D1%8C%20-%20user_2%0A%D0%A1%D1%82%D0%B0%D1%82%D1%83%D1%81%20-%20%D0%A0%D0%B5%D1%88%D0%B5%D0%BD%D0%B0%0A%D0%A1%D1%81%D1%8B%D0%BB%D0%BA%D0%B0%20-%20http://127.0.0.1:8000/task/42 HTTP/1.1" 400 137
2023-03-20 09:00:24,612 urllib3.connectionpool DEBUG    Starting new HTTPS connection (1): api.telegram.org:443
2023-03-20 09:00:25,004 urllib3.connectionpool DEBUG    https://api.telegram.org:443 "GET /bot6037168706:AAH6VQLgzInbwi-t3F6BFIXYaWAL2A4k01Q/sendMessage?chat_id=1736649900&parse_mode=Markdown&text=%D0%97%D0%B0%D0%B4%D0%B0%D1%87%D0%B0%20%D0%B2%20%D0%BE%D0%B6%D0%B8%D0%B4%D0%B0%D0%BD%D0%B8%D0%B8%20%D0%BD%D0%B0%D0%B7%D0%BD%D0%B0%D1%87%D0%B5%D0%BD%D0%B8%D1%8F%0A%D0%A2%D0%B5%D0%BC%D0%B0%20-%20%D1%84%D1%80%D1%84%0A%D0%90%D0%B2%D1%82%D0%BE%D1%80%20-%20admin%0A%D0%98%D1%81%D0%BF%D0%BE%D0%BB%D0%BD%D0%B8%D1%82%D0%B5%D0%BB%D1%8C%20-%20%0A%D0%A1%D1%82%D0%B0%D1%82%D1%83%D1%81%20-%20%D0%B2%20%D0%BE%D0%B6%D0%B8%D0%B4%D0%B0%D0%BD%D0%B8%D0%B8%0A%D0%A1%D1%81%D1%8B%D0%BB%D0%BA%D0%B0%20-%20http://127.0.0.1:8000/task/43 HTTP/1.1" 200 866
2023-03-20 09:00:25,020 urllib3.connectionpool DEBUG    Starting new HTTPS connection (1): api.telegram.org:443
2023-03-20 09:00:25,353 urllib3.connectionpool DEBUG    https://api.telegram.org:443 "GET /bot6037168706:AAH6VQLgzInbwi-t3F6BFIXYaWAL2A4k01Q/sendMessage?chat_id=1736649900&parse_mode=Markdown&text=%D0%97%D0%B0%D0%B4%D0%B0%D1%87%D0%B0%20%D0%B2%20%D0%BE%D0%B6%D0%B8%D0%B4%D0%B0%D0%BD%D0%B8%D0%B8%20%D0%BD%D0%B0%D0%B7%D0%BD%D0%B0%D1%87%D0%B5%D0%BD%D0%B8%D1%8F%0A%D0%A2%D0%B5%D0%BC%D0%B0%20-%20%D1%84%D1%80%D1%84%0A%D0%90%D0%B2%D1%82%D0%BE%D1%80%20-%20admin%0A%D0%98%D1%81%D0%BF%D0%BE%D0%BB%D0%BD%D0%B8%D1%82%D0%B5%D0%BB%D1%8C%20-%20%0A%D0%A1%D1%82%D0%B0%D1%82%D1%83%D1%81%20-%20%D0%B2%20%D0%BE%D0%B6%D0%B8%D0%B4%D0%B0%D0%BD%D0%B8%D0%B8%0A%D0%A1%D1%81%D1%8B%D0%BB%D0%BA%D0%B0%20-%20http://127.0.0.1:8000/task/43 HTTP/1.1" 200 866
2023-03-20 09:00:35,271 urllib3.connectionpool DEBUG    Starting new HTTPS connection (1): api.telegram.org:443
2023-03-20 09:00:35,507 urllib3.connectionpool DEBUG    https://api.telegram.org:443 "GET /bot6037168706:AAH6VQLgzInbwi-t3F6BFIXYaWAL2A4k01Q/sendMessage?chat_id=1736649900&parse_mode=Markdown&text=%D0%97%D0%B0%D0%B4%D0%B0%D1%87%D0%B0%20%D0%B2%20%D1%80%D0%B0%D0%B1%D0%BE%D1%82%D0%B5%0A%D0%A2%D0%B5%D0%BC%D0%B0%20-%20%D1%84%D1%80%D1%84%0A%D0%90%D0%B2%D1%82%D0%BE%D1%80%20-%20admin%0A%D0%98%D1%81%D0%BF%D0%BE%D0%BB%D0%BD%D0%B8%D1%82%D0%B5%D0%BB%D1%8C%20-%20user_4%0A%D0%A1%D1%82%D0%B0%D1%82%D1%83%D1%81%20-%20%D0%B2%20%D1%80%D0%B0%D0%B1%D0%BE%D1%82%D0%B5%0A%D0%A1%D1%81%D1%8B%D0%BB%D0%BA%D0%B0%20-%20http://127.0.0.1:8000/task/43 HTTP/1.1" 400 136
2023-03-20 09:00:35,514 urllib3.connectionpool DEBUG    Starting new HTTPS connection (1): api.telegram.org:443
2023-03-20 09:00:35,723 urllib3.connectionpool DEBUG    https://api.telegram.org:443 "GET /bot6037168706:AAH6VQLgzInbwi-t3F6BFIXYaWAL2A4k01Q/sendMessage?chat_id=1736649900&parse_mode=Markdown&text=%D0%97%D0%B0%D0%B4%D0%B0%D1%87%D0%B0%20%D0%B2%20%D1%80%D0%B0%D0%B1%D0%BE%D1%82%D0%B5%0A%D0%A2%D0%B5%D0%BC%D0%B0%20-%20%D1%84%D1%80%D1%84%0A%D0%90%D0%B2%D1%82%D0%BE%D1%80%20-%20admin%0A%D0%98%D1%81%D0%BF%D0%BE%D0%BB%D0%BD%D0%B8%D1%82%D0%B5%D0%BB%D1%8C%20-%20user_4%0A%D0%A1%D1%82%D0%B0%D1%82%D1%83%D1%81%20-%20%D0%B2%20%D1%80%D0%B0%D0%B1%D0%BE%D1%82%D0%B5%0A%D0%A1%D1%81%D1%8B%D0%BB%D0%BA%D0%B0%20-%20http://127.0.0.1:8000/task/43 HTTP/1.1" 400 136
2023-03-20 09:01:02,031 urllib3.connectionpool DEBUG    Starting new HTTPS connection (1): api.telegram.org:443
2023-03-20 09:01:02,327 urllib3.connectionpool DEBUG    https://api.telegram.org:443 "GET /bot6037168706:AAH6VQLgzInbwi-t3F6BFIXYaWAL2A4k01Q/sendMessage?chat_id=1736649900&parse_mode=Markdown&text=%D0%97%D0%B0%D0%B4%D0%B0%D1%87%D0%B0%20%D1%80%D0%B5%D1%88%D0%B5%D0%BD%D0%B0%0A%D0%A2%D0%B5%D0%BC%D0%B0%20-%20%D1%84%D1%80%D1%84%0A%D0%90%D0%B2%D1%82%D0%BE%D1%80%20-%20admin%0A%D0%98%D1%81%D0%BF%D0%BE%D0%BB%D0%BD%D0%B8%D1%82%D0%B5%D0%BB%D1%8C%20-%20user_4%0A%D0%A1%D1%82%D0%B0%D1%82%D1%83%D1%81%20-%20%D0%A0%D0%B5%D1%88%D0%B5%D0%BD%D0%B0%0A%D0%A1%D1%81%D1%8B%D0%BB%D0%BA%D0%B0%20-%20http://127.0.0.1:8000/task/43 HTTP/1.1" 400 136
2023-03-20 09:01:02,341 urllib3.connectionpool DEBUG    Starting new HTTPS connection (1): api.telegram.org:443
2023-03-20 09:01:04,332 urllib3.connectionpool DEBUG    https://api.telegram.org:443 "GET /bot6037168706:AAH6VQLgzInbwi-t3F6BFIXYaWAL2A4k01Q/sendMessage?chat_id=1736649900&parse_mode=Markdown&text=%D0%97%D0%B0%D0%B4%D0%B0%D1%87%D0%B0%20%D1%80%D0%B5%D1%88%D0%B5%D0%BD%D0%B0%0A%D0%A2%D0%B5%D0%BC%D0%B0%20-%20%D1%84%D1%80%D1%84%0A%D0%90%D0%B2%D1%82%D0%BE%D1%80%20-%20admin%0A%D0%98%D1%81%D0%BF%D0%BE%D0%BB%D0%BD%D0%B8%D1%82%D0%B5%D0%BB%D1%8C%20-%20user_4%0A%D0%A1%D1%82%D0%B0%D1%82%D1%83%D1%81%20-%20%D0%A0%D0%B5%D1%88%D0%B5%D0%BD%D0%B0%0A%D0%A1%D1%81%D1%8B%D0%BB%D0%BA%D0%B0%20-%20http://127.0.0.1:8000/task/43 HTTP/1.1" 400 136
2023-03-20 09:01:46,803 django.utils.autoreload INFO     D:\Python\Projects\final_project_v1.00\task_manager\task_app\telegram_bot.py changed, reloading.
2023-03-20 09:01:49,650 django.utils.autoreload INFO     Watching for file changes with StatReloader
2023-03-20 09:02:01,867 urllib3.connectionpool DEBUG    Starting new HTTPS connection (1): api.telegram.org:443
2023-03-20 09:02:02,125 urllib3.connectionpool DEBUG    https://api.telegram.org:443 "GET /bot6037168706:AAH6VQLgzInbwi-t3F6BFIXYaWAL2A4k01Q/sendMessage?chat_id=1736649900&parse_mode=Markdown&text=%D0%97%D0%B0%D0%B4%D0%B0%D1%87%D0%B0%20%D1%80%D0%B5%D1%88%D0%B5%D0%BD%D0%B0%0A%D0%A2%D0%B5%D0%BC%D0%B0%20-%20%D1%83%D0%B8%D0%B5%D1%83%D0%BA%D0%B8%0A%D0%90%D0%B2%D1%82%D0%BE%D1%80%20-%20admin%0A%D0%98%D1%81%D0%BF%D0%BE%D0%BB%D0%BD%D0%B8%D1%82%D0%B5%D0%BB%D1%8C%20-%20user_5%0A%D0%A1%D1%82%D0%B0%D1%82%D1%83%D1%81%20-%20%D0%A0%D0%B5%D1%88%D0%B5%D0%BD%D0%B0%0A%D0%A1%D1%81%D1%8B%D0%BB%D0%BA%D0%B0%20-%20http://127.0.0.1:8000/task/44 HTTP/1.1" 400 136
2023-03-20 09:02:02,141 urllib3.connectionpool DEBUG    Starting new HTTPS connection (1): api.telegram.org:443
2023-03-20 09:02:02,376 urllib3.connectionpool DEBUG    https://api.telegram.org:443 "GET /bot6037168706:AAH6VQLgzInbwi-t3F6BFIXYaWAL2A4k01Q/sendMessage?chat_id=1736649900&parse_mode=Markdown&text=%D0%97%D0%B0%D0%B4%D0%B0%D1%87%D0%B0%20%D1%80%D0%B5%D1%88%D0%B5%D0%BD%D0%B0%0A%D0%A2%D0%B5%D0%BC%D0%B0%20-%20%D1%83%D0%B8%D0%B5%D1%83%D0%BA%D0%B8%0A%D0%90%D0%B2%D1%82%D0%BE%D1%80%20-%20admin%0A%D0%98%D1%81%D0%BF%D0%BE%D0%BB%D0%BD%D0%B8%D1%82%D0%B5%D0%BB%D1%8C%20-%20user_5%0A%D0%A1%D1%82%D0%B0%D1%82%D1%83%D1%81%20-%20%D0%A0%D0%B5%D1%88%D0%B5%D0%BD%D0%B0%0A%D0%A1%D1%81%D1%8B%D0%BB%D0%BA%D0%B0%20-%20http://127.0.0.1:8000/task/44 HTTP/1.1" 400 136
2023-03-20 09:02:14,273 urllib3.connectionpool DEBUG    Starting new HTTPS connection (1): api.telegram.org:443
2023-03-20 09:02:14,564 urllib3.connectionpool DEBUG    https://api.telegram.org:443 "GET /bot6037168706:AAH6VQLgzInbwi-t3F6BFIXYaWAL2A4k01Q/sendMessage?chat_id=1736649900&parse_mode=Markdown&text=%D0%97%D0%B0%D0%B4%D0%B0%D1%87%D0%B0%20%D0%B2%20%D0%BE%D0%B6%D0%B8%D0%B4%D0%B0%D0%BD%D0%B8%D0%B8%20%D0%BD%D0%B0%D0%B7%D0%BD%D0%B0%D1%87%D0%B5%D0%BD%D0%B8%D1%8F%0A%D0%A2%D0%B5%D0%BC%D0%B0%20-%20%D1%83%D0%B8%D0%B5%D1%83%D0%BA%D0%B8%0A%D0%90%D0%B2%D1%82%D0%BE%D1%80%20-%20admin%0A%D0%98%D1%81%D0%BF%D0%BE%D0%BB%D0%BD%D0%B8%D1%82%D0%B5%D0%BB%D1%8C%20-%20%0A%D0%A1%D1%82%D0%B0%D1%82%D1%83%D1%81%20-%20%D0%B2%20%D0%BE%D0%B6%D0%B8%D0%B4%D0%B0%D0%BD%D0%B8%D0%B8%0A%D0%A1%D1%81%D1%8B%D0%BB%D0%BA%D0%B0%20-%20http://127.0.0.1:8000/task/44 HTTP/1.1" 200 885
2023-03-20 09:02:14,574 urllib3.connectionpool DEBUG    Starting new HTTPS connection (1): api.telegram.org:443
2023-03-20 09:02:14,874 urllib3.connectionpool DEBUG    https://api.telegram.org:443 "GET /bot6037168706:AAH6VQLgzInbwi-t3F6BFIXYaWAL2A4k01Q/sendMessage?chat_id=1736649900&parse_mode=Markdown&text=%D0%97%D0%B0%D0%B4%D0%B0%D1%87%D0%B0%20%D0%B2%20%D0%BE%D0%B6%D0%B8%D0%B4%D0%B0%D0%BD%D0%B8%D0%B8%20%D0%BD%D0%B0%D0%B7%D0%BD%D0%B0%D1%87%D0%B5%D0%BD%D0%B8%D1%8F%0A%D0%A2%D0%B5%D0%BC%D0%B0%20-%20%D1%83%D0%B8%D0%B5%D1%83%D0%BA%D0%B8%0A%D0%90%D0%B2%D1%82%D0%BE%D1%80%20-%20admin%0A%D0%98%D1%81%D0%BF%D0%BE%D0%BB%D0%BD%D0%B8%D1%82%D0%B5%D0%BB%D1%8C%20-%20%0A%D0%A1%D1%82%D0%B0%D1%82%D1%83%D1%81%20-%20%D0%B2%20%D0%BE%D0%B6%D0%B8%D0%B4%D0%B0%D0%BD%D0%B8%D0%B8%0A%D0%A1%D1%81%D1%8B%D0%BB%D0%BA%D0%B0%20-%20http://127.0.0.1:8000/task/44 HTTP/1.1" 200 885
2023-03-20 09:02:26,368 urllib3.connectionpool DEBUG    Starting new HTTPS connection (1): api.telegram.org:443
2023-03-20 09:02:26,575 urllib3.connectionpool DEBUG    https://api.telegram.org:443 "GET /bot6037168706:AAH6VQLgzInbwi-t3F6BFIXYaWAL2A4k01Q/sendMessage?chat_id=1736649900&parse_mode=Markdown&text=%D0%97%D0%B0%D0%B4%D0%B0%D1%87%D0%B0%20%D0%B2%20%D1%80%D0%B0%D0%B1%D0%BE%D1%82%D0%B5%0A%D0%A2%D0%B5%D0%BC%D0%B0%20-%20%D1%83%D0%B8%D0%B5%D1%83%D0%BA%D0%B8%0A%D0%90%D0%B2%D1%82%D0%BE%D1%80%20-%20admin%0A%D0%98%D1%81%D0%BF%D0%BE%D0%BB%D0%BD%D0%B8%D1%82%D0%B5%D0%BB%D1%8C%20-%20user_2%0A%D0%A1%D1%82%D0%B0%D1%82%D1%83%D1%81%20-%20%D0%B2%20%D1%80%D0%B0%D0%B1%D0%BE%D1%82%D0%B5%0A%D0%A1%D1%81%D1%8B%D0%BB%D0%BA%D0%B0%20-%20http://127.0.0.1:8000/task/44 HTTP/1.1" 400 137
2023-03-20 09:02:26,591 urllib3.connectionpool DEBUG    Starting new HTTPS connection (1): api.telegram.org:443
2023-03-20 09:02:26,834 urllib3.connectionpool DEBUG    https://api.telegram.org:443 "GET /bot6037168706:AAH6VQLgzInbwi-t3F6BFIXYaWAL2A4k01Q/sendMessage?chat_id=1736649900&parse_mode=Markdown&text=%D0%97%D0%B0%D0%B4%D0%B0%D1%87%D0%B0%20%D0%B2%20%D1%80%D0%B0%D0%B1%D0%BE%D1%82%D0%B5%0A%D0%A2%D0%B5%D0%BC%D0%B0%20-%20%D1%83%D0%B8%D0%B5%D1%83%D0%BA%D0%B8%0A%D0%90%D0%B2%D1%82%D0%BE%D1%80%20-%20admin%0A%D0%98%D1%81%D0%BF%D0%BE%D0%BB%D0%BD%D0%B8%D1%82%D0%B5%D0%BB%D1%8C%20-%20user_2%0A%D0%A1%D1%82%D0%B0%D1%82%D1%83%D1%81%20-%20%D0%B2%20%D1%80%D0%B0%D0%B1%D0%BE%D1%82%D0%B5%0A%D0%A1%D1%81%D1%8B%D0%BB%D0%BA%D0%B0%20-%20http://127.0.0.1:8000/task/44 HTTP/1.1" 400 137
2023-03-20 09:03:45,178 django.utils.autoreload INFO     Watching for file changes with StatReloader
2023-03-20 09:04:11,463 django.utils.autoreload INFO     Watching for file changes with StatReloader
2023-03-20 09:05:04,530 urllib3.connectionpool DEBUG    Starting new HTTPS connection (1): api.telegram.org:443
2023-03-20 09:05:04,828 urllib3.connectionpool DEBUG    https://api.telegram.org:443 "GET /bot6037168706:AAH6VQLgzInbwi-t3F6BFIXYaWAL2A4k01Q/sendMessage?chat_id=1736649900&parse_mode=Markdown&text=%D0%97%D0%B0%D0%B4%D0%B0%D1%87%D0%B0%20%D0%B2%20%D0%BE%D0%B6%D0%B8%D0%B4%D0%B0%D0%BD%D0%B8%D0%B8%20%D0%BD%D0%B0%D0%B7%D0%BD%D0%B0%D1%87%D0%B5%D0%BD%D0%B8%D1%8F%0A%D0%A2%D0%B5%D0%BC%D0%B0%20-%20%D0%BC%D1%83%D0%BA%D0%BC%D1%83%D0%BA%0A%D0%90%D0%B2%D1%82%D0%BE%D1%80%20-%20admin%0A%D0%98%D1%81%D0%BF%D0%BE%D0%BB%D0%BD%D0%B8%D1%82%D0%B5%D0%BB%D1%8C%20-%20%0A%D0%A1%D1%82%D0%B0%D1%82%D1%83%D1%81%20-%20%D0%B2%20%D0%BE%D0%B6%D0%B8%D0%B4%D0%B0%D0%BD%D0%B8%D0%B8%0A%D0%A1%D1%81%D1%8B%D0%BB%D0%BA%D0%B0%20-%20http://127.0.0.1:8000/task/45 HTTP/1.1" 200 885
2023-03-20 09:05:04,847 urllib3.connectionpool DEBUG    Starting new HTTPS connection (1): api.telegram.org:443
2023-03-20 09:05:05,163 urllib3.connectionpool DEBUG    https://api.telegram.org:443 "GET /bot6037168706:AAH6VQLgzInbwi-t3F6BFIXYaWAL2A4k01Q/sendMessage?chat_id=1736649900&parse_mode=Markdown&text=%D0%97%D0%B0%D0%B4%D0%B0%D1%87%D0%B0%20%D0%B2%20%D0%BE%D0%B6%D0%B8%D0%B4%D0%B0%D0%BD%D0%B8%D0%B8%20%D0%BD%D0%B0%D0%B7%D0%BD%D0%B0%D1%87%D0%B5%D0%BD%D0%B8%D1%8F%0A%D0%A2%D0%B5%D0%BC%D0%B0%20-%20%D0%BC%D1%83%D0%BA%D0%BC%D1%83%D0%BA%0A%D0%90%D0%B2%D1%82%D0%BE%D1%80%20-%20admin%0A%D0%98%D1%81%D0%BF%D0%BE%D0%BB%D0%BD%D0%B8%D1%82%D0%B5%D0%BB%D1%8C%20-%20%0A%D0%A1%D1%82%D0%B0%D1%82%D1%83%D1%81%20-%20%D0%B2%20%D0%BE%D0%B6%D0%B8%D0%B4%D0%B0%D0%BD%D0%B8%D0%B8%0A%D0%A1%D1%81%D1%8B%D0%BB%D0%BA%D0%B0%20-%20http://127.0.0.1:8000/task/45 HTTP/1.1" 200 885
2023-03-20 09:05:23,427 urllib3.connectionpool DEBUG    Starting new HTTPS connection (1): api.telegram.org:443
2023-03-20 09:05:23,701 urllib3.connectionpool DEBUG    https://api.telegram.org:443 "GET /bot6037168706:AAH6VQLgzInbwi-t3F6BFIXYaWAL2A4k01Q/sendMessage?chat_id=1736649900&parse_mode=Markdown&text=%D0%97%D0%B0%D0%B4%D0%B0%D1%87%D0%B0%20%D0%B2%20%D1%80%D0%B0%D0%B1%D0%BE%D1%82%D0%B5%0A%D0%A2%D0%B5%D0%BC%D0%B0%20-%20%D0%BC%D1%83%D0%BA%D0%BC%D1%83%D0%BA%0A%D0%90%D0%B2%D1%82%D0%BE%D1%80%20-%20admin%0A%D0%98%D1%81%D0%BF%D0%BE%D0%BB%D0%BD%D0%B8%D1%82%D0%B5%D0%BB%D1%8C%20-%20user_2%0A%D0%A1%D1%82%D0%B0%D1%82%D1%83%D1%81%20-%20%D0%B2%20%D1%80%D0%B0%D0%B1%D0%BE%D1%82%D0%B5%0A%D0%A1%D1%81%D1%8B%D0%BB%D0%BA%D0%B0%20-%20http://127.0.0.1:8000/task/45 HTTP/1.1" 400 137
2023-03-20 09:05:23,714 urllib3.connectionpool DEBUG    Starting new HTTPS connection (1): api.telegram.org:443
2023-03-20 09:05:23,954 urllib3.connectionpool DEBUG    https://api.telegram.org:443 "GET /bot6037168706:AAH6VQLgzInbwi-t3F6BFIXYaWAL2A4k01Q/sendMessage?chat_id=1736649900&parse_mode=Markdown&text=%D0%97%D0%B0%D0%B4%D0%B0%D1%87%D0%B0%20%D0%B2%20%D1%80%D0%B0%D0%B1%D0%BE%D1%82%D0%B5%0A%D0%A2%D0%B5%D0%BC%D0%B0%20-%20%D0%BC%D1%83%D0%BA%D0%BC%D1%83%D0%BA%0A%D0%90%D0%B2%D1%82%D0%BE%D1%80%20-%20admin%0A%D0%98%D1%81%D0%BF%D0%BE%D0%BB%D0%BD%D0%B8%D1%82%D0%B5%D0%BB%D1%8C%20-%20user_2%0A%D0%A1%D1%82%D0%B0%D1%82%D1%83%D1%81%20-%20%D0%B2%20%D1%80%D0%B0%D0%B1%D0%BE%D1%82%D0%B5%0A%D0%A1%D1%81%D1%8B%D0%BB%D0%BA%D0%B0%20-%20http://127.0.0.1:8000/task/45 HTTP/1.1" 400 137
2023-03-20 09:06:49,659 urllib3.connectionpool DEBUG    Starting new HTTPS connection (1): api.telegram.org:443
2023-03-20 09:06:49,868 urllib3.connectionpool DEBUG    https://api.telegram.org:443 "GET /bot6037168706:AAH6VQLgzInbwi-t3F6BFIXYaWAL2A4k01Q/sendMessage?chat_id=1736649900&parse_mode=Markdown&text=%D0%97%D0%B0%D0%B4%D0%B0%D1%87%D0%B0%20%D1%80%D0%B5%D1%88%D0%B5%D0%BD%D0%B0%0A%D0%A2%D0%B5%D0%BC%D0%B0%20-%20%D0%BC%D1%83%D0%BA%D0%BC%D1%83%D0%BA%0A%D0%90%D0%B2%D1%82%D0%BE%D1%80%20-%20admin%0A%D0%98%D1%81%D0%BF%D0%BE%D0%BB%D0%BD%D0%B8%D1%82%D0%B5%D0%BB%D1%8C%20-%20user_2%0A%D0%A1%D1%82%D0%B0%D1%82%D1%83%D1%81%20-%20%D0%A0%D0%B5%D1%88%D0%B5%D0%BD%D0%B0%0A%D0%A1%D1%81%D1%8B%D0%BB%D0%BA%D0%B0%20-%20http://127.0.0.1:8000/task/45 HTTP/1.1" 400 136
2023-03-20 09:06:49,883 urllib3.connectionpool DEBUG    Starting new HTTPS connection (1): api.telegram.org:443
2023-03-20 09:06:50,140 urllib3.connectionpool DEBUG    https://api.telegram.org:443 "GET /bot6037168706:AAH6VQLgzInbwi-t3F6BFIXYaWAL2A4k01Q/sendMessage?chat_id=1736649900&parse_mode=Markdown&text=%D0%97%D0%B0%D0%B4%D0%B0%D1%87%D0%B0%20%D1%80%D0%B5%D1%88%D0%B5%D0%BD%D0%B0%0A%D0%A2%D0%B5%D0%BC%D0%B0%20-%20%D0%BC%D1%83%D0%BA%D0%BC%D1%83%D0%BA%0A%D0%90%D0%B2%D1%82%D0%BE%D1%80%20-%20admin%0A%D0%98%D1%81%D0%BF%D0%BE%D0%BB%D0%BD%D0%B8%D1%82%D0%B5%D0%BB%D1%8C%20-%20user_2%0A%D0%A1%D1%82%D0%B0%D1%82%D1%83%D1%81%20-%20%D0%A0%D0%B5%D1%88%D0%B5%D0%BD%D0%B0%0A%D0%A1%D1%81%D1%8B%D0%BB%D0%BA%D0%B0%20-%20http://127.0.0.1:8000/task/45 HTTP/1.1" 400 136
2023-03-20 09:07:00,435 urllib3.connectionpool DEBUG    Starting new HTTPS connection (1): api.telegram.org:443
2023-03-20 09:07:00,707 urllib3.connectionpool DEBUG    https://api.telegram.org:443 "GET /bot6037168706:AAH6VQLgzInbwi-t3F6BFIXYaWAL2A4k01Q/sendMessage?chat_id=1736649900&parse_mode=Markdown&text=%D0%97%D0%B0%D0%B4%D0%B0%D1%87%D0%B0%20%D1%80%D0%B5%D1%88%D0%B5%D0%BD%D0%B0%0A%D0%A2%D0%B5%D0%BC%D0%B0%20-%20%D0%BC%D1%83%D0%BA%D0%BC%D1%83%D0%BA%0A%D0%90%D0%B2%D1%82%D0%BE%D1%80%20-%20admin%0A%D0%98%D1%81%D0%BF%D0%BE%D0%BB%D0%BD%D0%B8%D1%82%D0%B5%D0%BB%D1%8C%20-%20user_2%0A%D0%A1%D1%82%D0%B0%D1%82%D1%83%D1%81%20-%20%D0%A0%D0%B5%D1%88%D0%B5%D0%BD%D0%B0%0A%D0%A1%D1%81%D1%8B%D0%BB%D0%BA%D0%B0%20-%20http://127.0.0.1:8000/task/45 HTTP/1.1" 400 136
2023-03-20 09:07:00,715 urllib3.connectionpool DEBUG    Starting new HTTPS connection (1): api.telegram.org:443
2023-03-20 09:07:00,988 urllib3.connectionpool DEBUG    https://api.telegram.org:443 "GET /bot6037168706:AAH6VQLgzInbwi-t3F6BFIXYaWAL2A4k01Q/sendMessage?chat_id=1736649900&parse_mode=Markdown&text=%D0%97%D0%B0%D0%B4%D0%B0%D1%87%D0%B0%20%D1%80%D0%B5%D1%88%D0%B5%D0%BD%D0%B0%0A%D0%A2%D0%B5%D0%BC%D0%B0%20-%20%D0%BC%D1%83%D0%BA%D0%BC%D1%83%D0%BA%0A%D0%90%D0%B2%D1%82%D0%BE%D1%80%20-%20admin%0A%D0%98%D1%81%D0%BF%D0%BE%D0%BB%D0%BD%D0%B8%D1%82%D0%B5%D0%BB%D1%8C%20-%20user_2%0A%D0%A1%D1%82%D0%B0%D1%82%D1%83%D1%81%20-%20%D0%A0%D0%B5%D1%88%D0%B5%D0%BD%D0%B0%0A%D0%A1%D1%81%D1%8B%D0%BB%D0%BA%D0%B0%20-%20http://127.0.0.1:8000/task/45 HTTP/1.1" 400 136
2023-03-20 09:10:09,814 django.utils.autoreload INFO     Watching for file changes with StatReloader
2023-03-20 09:22:39,544 django.utils.autoreload INFO     Watching for file changes with StatReloader
2023-03-20 09:34:50,437 django.utils.autoreload INFO     Watching for file changes with StatReloader
2023-03-20 09:39:29,585 django.utils.autoreload INFO     Watching for file changes with StatReloader
2023-03-20 09:43:02,147 django.utils.autoreload INFO     Watching for file changes with StatReloader
